<?xml version="1.0" encoding="UTF-8"?>
<!-- Generated by org.testng.reporters.JUnitReportReporter -->
<testsuite skipped="0" hostname="A960LMAA" name="com.phptravels.qa.testcases.LoginpageTest" tests="1" failures="0" timestamp="02 Jul 2020 16:30:34 GMT" time="21.589" errors="0">
  <testcase name="loginPage" time="21.589" classname="com.phptravels.qa.testcases.LoginpageTest"/>
</testsuite> <!-- com.phptravels.qa.testcases.LoginpageTest -->
